12917	a veces
102484	algo
49181	alguien
29094	algun
27860	alguna
7356	alguno
39909	algunos
1592	aparentemente
2468	aproximadamente
731	asumo
2001	basicamente
19677	bastante
1522	bastantes
33617	casi
703	confio
4562	considero
104424	creo
2101	de repente
37766	debe
15589	deberia
3766	deberias
6893	diria
6467	encuentro
11337	entiendo
403	esencialmente
32	especulo
21405	espero
588	frecuentemente
3121	generalmente
2087	gran parte
779	hay quien
6089	imagino
19554	la mayoria
5714	mas o menos
24341	medio
372	multiples
4501	necesariamente
116578	no se
169	ocasionalmente
460	parcialmente
59383	parece
1479	particularmente
29444	poco
25167	podria
4391	podrias
73	por decir algo
4678	practicamente
2766	principalmente
3850	probablemente 
996	propongo
99037	puede
3089	quien sabe
7491	quiza
422	rara vez
122	raramente
788	reducido
1409	relativamente
11000	se ve
3095	seguido
6078	seguramente
25959	seguro
8328	siento
4614	sin duda
4780	suena
921	sugiero
9868	supongo
13260	tal vez
522	tecnicamente
7479	un par
23416	un poco
749	usualmente
18682	varios
267	virtualmente
------------------------------
Total matches:	1113813
Hedges found:	73
