11687	a veces
73366	algo
48093	alguien
30113	algun
24677	alguna
7655	alguno
17568	algunos
296	aparentemente
886	aproximadamente
149	asumo
1880	basicamente
26543	bastante
2797	bastantes
23052	casi
294	confio
1948	considero
75078	creo
1160	de repente
9198	debe
6717	deberia
2176	deberias
3326	diria
6543	encuentro
12286	entiendo
40	esencialmente
15	especulo
19378	espero
230	frecuentemente
1265	generalmente
755	gran parte
957	hay quien
7189	imagino
9277	la mayoria
7845	mas o menos
13132	medio
125	multiples
581	necesariamente
85578	no se
48	ocasionalmente
111	parcialmente
43011	parece
398	particularmente
23223	poco
11328	podria
3172	podrias
172	por decir algo
2227	practicamente
961	principalmente
2426	probablemente 
630	propongo
53300	puede
1080	quien sabe
4099	quiza
158	rara vez
87	raramente
277	reducido
1086	relativamente
3388	se ve
915	seguido
3905	seguramente
23594	seguro
10899	siento
1751	sin duda
5002	suena
231	sugiero
12491	supongo
2950	tal vez
191	tecnicamente
10914	un par
35287	un poco
66	usualmente
7502	varios
72	virtualmente
------------------------------
Total matches:	800807
Hedges found:	73
