510	a veces
3562	algo
777	alguien
962	algun
1267	alguna
457	alguno
1684	algunos
83	aparentemente
52	aproximadamente
8	asumo
67	basicamente
649	bastante
34	bastantes
929	casi
14	confio
242	considero
2722	creo
15	de repente
1721	debe
637	deberia
25	deberias
287	diria
218	encuentro
439	entiendo
111	esencialmente
273	espero
11	frecuentemente
103	generalmente
152	gran parte
37	hay quien
122	imagino
470	la mayoria
520	mas o menos
897	medio
5	multiples
330	necesariamente
4827	no se
3	ocasionalmente
44	parcialmente
4486	parece
109	particularmente
524	pienso
1246	poco
1371	podria
23	podrias
5	por decir algo
222	practicamente
173	principalmente
120	probablemente 
64	propongo
7022	puede
32	quien sabe
456	quiza
3	rara vez
3	raramente
63	reducido
58	relativamente
363	se ve
116	seguido
323	seguramente
335	seguro
115	siento
520	sin duda
86	suena
40	sugiero
247	supongo
380	tal vez
12	tecnicamente
80	un par
550	un poco
2	usualmente
384	varios
19	virtualmente
------------------------------
Total matches:	44818
Hedges found:	73
