739	a veces
10364	algo
2977	alguien
1708	algun
1903	alguna
482	alguno
1189	algunos
123	aparentemente
50	aproximadamente
49	asumo
196	basicamente
1428	bastante
85	bastantes
1072	casi
50	confio
631	considero
6441	creo
72	de repente
2127	debe
972	deberia
166	deberias
751	diria
406	encuentro
988	entiendo
91	esencialmente
1	especulo
629	espero
16	frecuentemente
110	generalmente
122	gran parte
43	hay quien
306	imagino
908	la mayoria
395	mas o menos
1457	medio
35	multiples
647	necesariamente
6344	no se
6	ocasionalmente
42	parcialmente
3868	parece
56	particularmente
1449	pienso
1519	poco
2391	podria
243	podrias
16	por decir algo
244	practicamente
127	principalmente
292	probablemente 
123	propongo
10178	puede
131	quien sabe
520	quiza
27	rara vez
11	raramente
55	reducido
74	relativamente
359	se ve
105	seguido
388	seguramente
912	seguro
733	siento
301	sin duda
265	suena
30	sugiero
476	supongo
976	tal vez
20	tecnicamente
237	un par
1429	un poco
7	usualmente
436	varios
6	virtualmente
------------------------------
Total matches:	74125
Hedges found:	74
